#
# There is insufficient memory for the Java Runtime Environment to continue.
# Native memory allocation (malloc) failed to allocate 32752 bytes. Error detail: Chunk::new
# Possible reasons:
#   The system is out of physical RAM or swap space
#   This process is running with CompressedOops enabled, and the Java Heap may be blocking the growth of the native heap
# Possible solutions:
#   Reduce memory load on the system
#   Increase physical memory or swap space
#   Check if swap backing store is full
#   Decrease Java heap size (-Xmx/-Xms)
#   Decrease number of Java threads
#   Decrease Java thread stack sizes (-Xss)
#   Set larger code cache with -XX:ReservedCodeCacheSize=
#   JVM is running with Zero Based Compressed Oops mode in which the Java heap is
#     placed in the first 32GB address space. The Java Heap base address is the
#     maximum limit for the native heap growth. Please use -XX:HeapBaseMinAddress
#     to set the Java Heap base and to place the Java Heap above 32GB virtual address.
# This output file may be truncated or incomplete.
#
#  Out of Memory Error (arena.cpp:186), pid=13708, tid=18896
#
# JRE version: OpenJDK Runtime Environment (25.0+36) (build 25+36-3489)
# Java VM: OpenJDK 64-Bit Server VM (25+36-3489, mixed mode, sharing, tiered, compressed oops, compressed class ptrs, g1 gc, windows-amd64)
# No core dump will be written. Minidumps are not enabled by default on client versions of Windows
#

---------------  S U M M A R Y ------------

Command Line: -agentlib:jdwp=transport=dt_socket,server=n,suspend=y,address=localhost:64756 -XX:+ShowCodeDetailsInExceptionMessages com.leads.server.ServerApplication

Host: Intel(R) Core(TM) i5-7300U CPU @ 2.60GHz, 4 cores, 15G,  Windows 11 , 64 bit Build 26100 (10.0.26100.7019)
Time: Mon Dec  1 00:17:10 2025 Bangladesh Standard Time elapsed time: 1384.350725 seconds (0d 0h 23m 4s)

---------------  T H R E A D  ---------------

Current thread (0x000002b2092233f0):  JavaThread "C2 CompilerThread0" daemon [_thread_in_native, id=18896, stack(0x000000db7c700000,0x000000db7c800000) (1024K)]


Current CompileTask:
C2:1384350 8218   !   4       com.mysql.cj.conf.DefaultPropertySet::getProperty (52 bytes)

Stack: [0x000000db7c700000,0x000000db7c800000]
Native frames: (J=compiled Java code, j=interpreted, Vv=VM code, C=native code)
V  [jvm.dll+0x7a6a39]  (no source info available)
V  [jvm.dll+0x7727ed]  (no source info available)
V  [jvm.dll+0x965f33]  (no source info available)
V  [jvm.dll+0x968531]  (no source info available)
V  [jvm.dll+0x968c33]  (no source info available)
V  [jvm.dll+0x2fc756]  (no source info available)
V  [jvm.dll+0x111b26]  (no source info available)
V  [jvm.dll+0x111e4e]  (no source info available)
V  [jvm.dll+0x1b00be]  (no source info available)
V  [jvm.dll+0x1af02b]  (no source info available)
V  [jvm.dll+0x7ac503]  (no source info available)
V  [jvm.dll+0x2c0ac7]  (no source info available)
V  [jvm.dll+0x2bfa8f]  (no source info available)
V  [jvm.dll+0x237b60]  (no source info available)
V  [jvm.dll+0x2cfb56]  (no source info available)
V  [jvm.dll+0x2cddd5]  (no source info available)
V  [jvm.dll+0x48e671]  (no source info available)
V  [jvm.dll+0x90681d]  (no source info available)
V  [jvm.dll+0x7a5015]  (no source info available)
C  [ucrtbase.dll+0x37b0]  (no source info available)
C  [KERNEL32.DLL+0x2e8d7]  (no source info available)
C  [ntdll.dll+0x8c53c]  (no source info available)

Lock stack of current Java thread (top to bottom):


---------------  P R O C E S S  ---------------

Threads class SMR info:
_java_thread_list=0x000002b22e0ebff0, length=40, elements={
0x000002b227fc7250, 0x000002b227fc8f00, 0x000002b227fcd990, 0x000002b227fce550,
0x000002b227fcfde0, 0x000002b227fd4530, 0x000002b2092233f0, 0x000002b209225430,
0x000002b2280bc020, 0x000002b2280c6810, 0x000002b2280c6fe0, 0x000002b2280c9730,
0x000002b2280e0e50, 0x000002b22f5694a0, 0x000002b22d4d8d60, 0x000002b22d4d9530,
0x000002b227fdfff0, 0x000002b227fe0f90, 0x000002b22eddb0a0, 0x000002b22eddc810,
0x000002b22eddef20, 0x000002b22eddfec0, 0x000002b22eddf6f0, 0x000002b22ede0690,
0x000002b22edde750, 0x000002b22ede0e60, 0x000002b22eddd7b0, 0x000002b22ede1630,
0x000002b22d4d9d00, 0x000002b22d4d75f0, 0x000002b22dfc3e40, 0x000002b22dfc6d20,
0x000002b22dfc4610, 0x000002b22ff4dde0, 0x000002b22ff4e5b0, 0x000002b22ff4fd20,
0x000002b22ff51490, 0x000002b22ff52430, 0x000002b22ff4c670, 0x000002b22ff504f0
}
_to_delete_list=0x000002b22fd77460, length=38, elements={
0x000002b227fc7250, 0x000002b227fc8f00, 0x000002b227fcd990, 0x000002b227fce550,
0x000002b227fcfde0, 0x000002b227fd4530, 0x000002b2092233f0, 0x000002b209225430,
0x000002b2280bc020, 0x000002b2280c6810, 0x000002b2280c6fe0, 0x000002b2280c9730,
0x000002b2280e0e50, 0x000002b22f5694a0, 0x000002b22d4d8d60, 0x000002b22d4d9530,
0x000002b227fdfff0, 0x000002b227fe0f90, 0x000002b22eddb0a0, 0x000002b22eddc810,
0x000002b22eddef20, 0x000002b22eddfec0, 0x000002b22eddf6f0, 0x000002b22ede0690,
0x000002b22edde750, 0x000002b22ede0e60, 0x000002b22eddd7b0, 0x000002b22ede1630,
0x000002b22d4d9d00, 0x000002b22d4d75f0, 0x000002b22dfc3e40, 0x000002b22dfc6d20,
0x000002b22dfc4610, 0x000002b22ff4dde0, 0x000002b22ff4e5b0, 0x000002b22ff4fd20,
0x000002b22ff51490, 0x000002b22ff52430
}

Java Threads: ( => current thread )
  0x000002b227fc7250 JavaThread "Reference Handler"          daemon [_thread_blocked, id=5556, stack(0x000000db7c100000,0x000000db7c200000) (1024K)]
  0x000002b227fc8f00 JavaThread "Finalizer"                  daemon [_thread_blocked, id=9056, stack(0x000000db7c200000,0x000000db7c300000) (1024K)]
  0x000002b227fcd990 JavaThread "Signal Dispatcher"          daemon [_thread_blocked, id=21600, stack(0x000000db7c300000,0x000000db7c400000) (1024K)]
  0x000002b227fce550 JavaThread "Attach Listener"            daemon [_thread_blocked, id=20776, stack(0x000000db7c400000,0x000000db7c500000) (1024K)]
  0x000002b227fcfde0 JavaThread "Service Thread"             daemon [_thread_blocked, id=23172, stack(0x000000db7c500000,0x000000db7c600000) (1024K)]
  0x000002b227fd4530 JavaThread "Monitor Deflation Thread"   daemon [_thread_blocked, id=8028, stack(0x000000db7c600000,0x000000db7c700000) (1024K)]
=>0x000002b2092233f0 JavaThread "C2 CompilerThread0"         daemon [_thread_in_native, id=18896, stack(0x000000db7c700000,0x000000db7c800000) (1024K)]
  0x000002b209225430 JavaThread "C1 CompilerThread0"         daemon [_thread_blocked, id=29388, stack(0x000000db7c800000,0x000000db7c900000) (1024K)]
  0x000002b2280bc020 JavaThread "JDWP Transport Listener: dt_socket" daemon [_thread_blocked, id=29812, stack(0x000000db7c900000,0x000000db7ca00000) (1024K)]
  0x000002b2280c6810 JavaThread "JDWP Event Helper Thread"   daemon [_thread_blocked, id=16136, stack(0x000000db7ca00000,0x000000db7cb00000) (1024K)]
  0x000002b2280c6fe0 JavaThread "JDWP Command Reader"        daemon [_thread_in_native, id=9916, stack(0x000000db7cb00000,0x000000db7cc00000) (1024K)]
  0x000002b2280c9730 JavaThread "Notification Thread"        daemon [_thread_blocked, id=14352, stack(0x000000db7cc00000,0x000000db7cd00000) (1024K)]
  0x000002b2280e0e50 JavaThread "Common-Cleaner"             daemon [_thread_blocked, id=24896, stack(0x000000db7cd00000,0x000000db7ce00000) (1024K)]
  0x000002b22f5694a0 JavaThread "mysql-cj-abandoned-connection-cleanup" daemon [_thread_blocked, id=15752, stack(0x000000db7d200000,0x000000db7d300000) (1024K)]
  0x000002b22d4d8d60 JavaThread "HikariPool-1:housekeeper"   daemon [_thread_blocked, id=7552, stack(0x000000db7d400000,0x000000db7d500000) (1024K)]
  0x000002b22d4d9530 JavaThread "Catalina-utility-1"                [_thread_blocked, id=14140, stack(0x000000db7d600000,0x000000db7d700000) (1024K)]
  0x000002b227fdfff0 JavaThread "Catalina-utility-2"                [_thread_blocked, id=29124, stack(0x000000db7d700000,0x000000db7d800000) (1024K)]
  0x000002b227fe0f90 JavaThread "container-0"                       [_thread_blocked, id=1148, stack(0x000000db7d800000,0x000000db7d900000) (1024K)]
  0x000002b22eddb0a0 JavaThread "HttpClient-1-SelectorManager" daemon [_thread_in_native, id=26460, stack(0x000000db7d900000,0x000000db7da00000) (1024K)]
  0x000002b22eddc810 JavaThread "HttpClient-2-SelectorManager" daemon [_thread_in_native, id=11760, stack(0x000000db7da00000,0x000000db7db00000) (1024K)]
  0x000002b22eddef20 JavaThread "http-nio-8080-exec-1"       daemon [_thread_blocked, id=10124, stack(0x000000db7d500000,0x000000db7d600000) (1024K)]
  0x000002b22eddfec0 JavaThread "http-nio-8080-exec-2"       daemon [_thread_blocked, id=30400, stack(0x000000db7db00000,0x000000db7dc00000) (1024K)]
  0x000002b22eddf6f0 JavaThread "http-nio-8080-exec-3"       daemon [_thread_blocked, id=14748, stack(0x000000db7dc00000,0x000000db7dd00000) (1024K)]
  0x000002b22ede0690 JavaThread "http-nio-8080-exec-4"       daemon [_thread_blocked, id=20156, stack(0x000000db7dd00000,0x000000db7de00000) (1024K)]
  0x000002b22edde750 JavaThread "http-nio-8080-exec-5"       daemon [_thread_blocked, id=11044, stack(0x000000db7de00000,0x000000db7df00000) (1024K)]
  0x000002b22ede0e60 JavaThread "http-nio-8080-exec-6"       daemon [_thread_blocked, id=1968, stack(0x000000db7df00000,0x000000db7e000000) (1024K)]
  0x000002b22eddd7b0 JavaThread "http-nio-8080-exec-7"       daemon [_thread_blocked, id=19464, stack(0x000000db7e000000,0x000000db7e100000) (1024K)]
  0x000002b22ede1630 JavaThread "http-nio-8080-exec-8"       daemon [_thread_blocked, id=20816, stack(0x000000db7e100000,0x000000db7e200000) (1024K)]
  0x000002b22d4d9d00 JavaThread "http-nio-8080-exec-9"       daemon [_thread_blocked, id=1860, stack(0x000000db7e200000,0x000000db7e300000) (1024K)]
  0x000002b22d4d75f0 JavaThread "http-nio-8080-exec-10"      daemon [_thread_blocked, id=28168, stack(0x000000db7e300000,0x000000db7e400000) (1024K)]
  0x000002b22dfc3e40 JavaThread "http-nio-8080-Poller"       daemon [_thread_in_native, id=18044, stack(0x000000db7e400000,0x000000db7e500000) (1024K)]
  0x000002b22dfc6d20 JavaThread "http-nio-8080-Acceptor"     daemon [_thread_in_native, id=16016, stack(0x000000db7e500000,0x000000db7e600000) (1024K)]
  0x000002b22dfc4610 JavaThread "DestroyJavaVM"                     [_thread_blocked, id=22352, stack(0x000000db7b900000,0x000000db7ba00000) (1024K)]
  0x000002b22ff4dde0 JavaThread "HttpClient-1-Worker-4"      daemon [_thread_blocked, id=19020, stack(0x000000db7b600000,0x000000db7b700000) (1024K)]
  0x000002b22ff4e5b0 JavaThread "HttpClient-1-Worker-5"      daemon [_thread_blocked, id=23756, stack(0x000000db7b800000,0x000000db7b900000) (1024K)]
  0x000002b22ff4fd20 JavaThread "ForkJoinPool.commonPool-worker-3" daemon [_thread_blocked, id=13652, stack(0x000000db7ce00000,0x000000db7cf00000) (1024K)]
  0x000002b22ff51490 JavaThread "HttpClient-2-Worker-0"      daemon [_thread_blocked, id=7792, stack(0x000000db7e700000,0x000000db7e800000) (1024K)]
  0x000002b22ff52430 JavaThread "HttpClient-2-Worker-1"      daemon [_thread_blocked, id=9788, stack(0x000000db7e800000,0x000000db7e900000) (1024K)]
  0x000002b22ff4c670 JavaThread "HikariPool-1:connection-closer" daemon [_thread_blocked, id=18540, stack(0x000000db7d300000,0x000000db7d400000) (1024K)]
  0x000002b22ff504f0 JavaThread "HikariPool-1:connection-adder" daemon [_thread_blocked, id=13444, stack(0x000000db7e600000,0x000000db7e700000) (1024K)]
Total: 40

Other Threads:
  0x000002b227fb4d50 VMThread "VM Thread"                           [id=21084, stack(0x000000db7c000000,0x000000db7c100000) (1024K)]
  0x000002b227e7b090 WatcherThread "VM Periodic Task Thread"        [id=9320, stack(0x000000db7bf00000,0x000000db7c000000) (1024K)]
  0x000002b209282110 WorkerThread "GC Thread#0"                     [id=28568, stack(0x000000db7ba00000,0x000000db7bb00000) (1024K)]
  0x000002b22d4a3910 WorkerThread "GC Thread#1"                     [id=28788, stack(0x000000db7cf00000,0x000000db7d000000) (1024K)]
  0x000002b22d4a3d40 WorkerThread "GC Thread#2"                     [id=22800, stack(0x000000db7d000000,0x000000db7d100000) (1024K)]
  0x000002b22d471690 WorkerThread "GC Thread#3"                     [id=7212, stack(0x000000db7d100000,0x000000db7d200000) (1024K)]
  0x000002b20929c640 ConcurrentGCThread "G1 Main Marker"            [id=30208, stack(0x000000db7bb00000,0x000000db7bc00000) (1024K)]
  0x000002b20929d980 WorkerThread "G1 Conc#0"                       [id=18492, stack(0x000000db7bc00000,0x000000db7bd00000) (1024K)]
  0x000002b227e65820 ConcurrentGCThread "G1 Refine#0"               [id=27900, stack(0x000000db7bd00000,0x000000db7be00000) (1024K)]
  0x000002b227e68340 ConcurrentGCThread "G1 Service"                [id=23264, stack(0x000000db7be00000,0x000000db7bf00000) (1024K)]
Total: 10

Threads with active compile tasks:
C2 CompilerThread0  1384608 8218   !   4       com.mysql.cj.conf.DefaultPropertySet::getProperty (52 bytes)
Total: 1

VM state: not at safepoint (normal execution)

VM Mutex/Monitor currently owned by a thread: None

Heap address: 0x0000000701c00000, size: 4068 MB, Compressed Oops mode: Zero based, Oop shift amount: 3

CDS archive(s) mapped at: [0x0000000036000000-0x0000000036dd0000-0x0000000036dd0000), size 14483456, SharedBaseAddress: 0x0000000036000000, ArchiveRelocationMode: 1.
Compressed class space mapped at: 0x0000000037000000-0x0000000077000000, reserved size: 1073741824
UseCompressedClassPointers 1, UseCompactObjectHeaders 0
Narrow klass pointer bits 32, Max shift 3
Narrow klass base: 0x0000000036000000, Narrow klass shift: 0
Encoding Range: [0x0000000036000000 - 0x0000000136000000), (4294967296 bytes)
Klass Range:    [0x0000000036010000 - 0x0000000077000000), (1090453504 bytes)
Klass ID Range:  [65536 - 1090519033) (1090453497)
Protection zone: [0x0000000036000000 - 0x0000000036010000), (65536 bytes)

GC Precious Log:
 CardTable entry size: 512
 Card Set container configuration: InlinePtr #cards 4 size 8 Array Of Cards #cards 16 size 48 Howl #buckets 8 coarsen threshold 3686 Howl Bitmap #cards 512 size 80 coarsen threshold 460 Card regions per heap region 1 cards per card region 4096
 CPUs: 4 total, 4 available
 Memory: 16264M
 Large Page Support: Disabled
 NUMA Support: Disabled
 Compressed Oops: Enabled (Zero based)
 Heap Region Size: 2M
 Heap Min Capacity: 8M
 Heap Initial Capacity: 256M
 Heap Max Capacity: 4068M
 Pre-touch: Disabled
 Parallel Workers: 4
 Concurrent Workers: 1
 Concurrent Refinement Workers: 4
 Periodic GC: Disabled

Heap:
 garbage-first heap   total reserved 4165632K, committed 102400K, used 71591K [0x0000000701c00000, 0x0000000800000000)
  region size 2048K, 21 young (43008K), 2 survivors (4096K)

Heap Regions: E=young(eden), S=young(survivor), O=old, HS=humongous(starts), HC=humongous(continues), CS=collection set, F=free, TAMS=top-at-mark-start, PB=parsable bottom
|   0|0x0000000701c00000, 0x0000000701c00000, 0x0000000701e00000|  0%| F|  |TAMS 0x0000000701c00000| PB 0x0000000701c00000| Untracked |  0
|   1|0x0000000701e00000, 0x0000000701fdba60, 0x0000000702000000| 92%| O|  |TAMS 0x0000000701e00000| PB 0x0000000701e00000| Untracked |  0
|   2|0x0000000702000000, 0x0000000702200000, 0x0000000702200000|100%| O|  |TAMS 0x0000000702000000| PB 0x0000000702000000| Untracked |  0
|   3|0x0000000702200000, 0x0000000702400000, 0x0000000702400000|100%| O|  |TAMS 0x0000000702200000| PB 0x0000000702200000| Untracked |  0
|   4|0x0000000702400000, 0x0000000702600000, 0x0000000702600000|100%| O|  |TAMS 0x0000000702400000| PB 0x0000000702400000| Untracked |  0
|   5|0x0000000702600000, 0x0000000702800000, 0x0000000702800000|100%| O|  |TAMS 0x0000000702600000| PB 0x0000000702600000| Untracked |  0
|   6|0x0000000702800000, 0x0000000702a00000, 0x0000000702a00000|100%| O|  |TAMS 0x0000000702800000| PB 0x0000000702800000| Untracked |  0
|   7|0x0000000702a00000, 0x0000000702c00000, 0x0000000702c00000|100%| O|  |TAMS 0x0000000702a00000| PB 0x0000000702a00000| Untracked |  0
|   8|0x0000000702c00000, 0x0000000702e00000, 0x0000000702e00000|100%| O|  |TAMS 0x0000000702c00000| PB 0x0000000702c00000| Untracked |  0
|   9|0x0000000702e00000, 0x0000000703000000, 0x0000000703000000|100%| O|  |TAMS 0x0000000702e00000| PB 0x0000000702e00000| Untracked |  0
|  10|0x0000000703000000, 0x0000000703200000, 0x0000000703200000|100%| O|  |TAMS 0x0000000703000000| PB 0x0000000703000000| Untracked |  0
|  11|0x0000000703200000, 0x0000000703400000, 0x0000000703400000|100%| O|  |TAMS 0x0000000703200000| PB 0x0000000703200000| Untracked |  0
|  12|0x0000000703400000, 0x000000070350c380, 0x0000000703600000| 52%| O|  |TAMS 0x0000000703400000| PB 0x0000000703400000| Untracked |  0
|  13|0x0000000703600000, 0x0000000703800000, 0x0000000703800000|100%| O|  |TAMS 0x0000000703600000| PB 0x0000000703600000| Untracked |  0
|  14|0x0000000703800000, 0x0000000703a00000, 0x0000000703a00000|100%| O|  |TAMS 0x0000000703800000| PB 0x0000000703800000| Untracked |  0
|  15|0x0000000703a00000, 0x0000000703c00000, 0x0000000703c00000|100%| O|  |TAMS 0x0000000703a00000| PB 0x0000000703a00000| Untracked |  0
|  16|0x0000000703c00000, 0x0000000703c00000, 0x0000000703e00000|  0%| F|  |TAMS 0x0000000703c00000| PB 0x0000000703c00000| Untracked |  0
|  17|0x0000000703e00000, 0x0000000703e00000, 0x0000000704000000|  0%| F|  |TAMS 0x0000000703e00000| PB 0x0000000703e00000| Untracked |  0
|  18|0x0000000704000000, 0x0000000704000000, 0x0000000704200000|  0%| F|  |TAMS 0x0000000704000000| PB 0x0000000704000000| Untracked |  0
|  19|0x0000000704200000, 0x0000000704200000, 0x0000000704400000|  0%| F|  |TAMS 0x0000000704200000| PB 0x0000000704200000| Untracked |  0
|  20|0x0000000704400000, 0x0000000704600000, 0x0000000704600000|100%| O|  |TAMS 0x0000000704400000| PB 0x0000000704400000| Untracked |  0
|  21|0x0000000704600000, 0x0000000704701f60, 0x0000000704800000| 50%| O|  |TAMS 0x0000000704600000| PB 0x0000000704600000| Untracked |  0
|  22|0x0000000704800000, 0x0000000704800000, 0x0000000704a00000|  0%| F|  |TAMS 0x0000000704800000| PB 0x0000000704800000| Untracked |  0
|  23|0x0000000704a00000, 0x0000000704c00000, 0x0000000704c00000|100%| S|CS|TAMS 0x0000000704a00000| PB 0x0000000704a00000| Complete |  0
|  24|0x0000000704c00000, 0x0000000704e00000, 0x0000000704e00000|100%| S|CS|TAMS 0x0000000704c00000| PB 0x0000000704c00000| Complete |  0
|  25|0x0000000704e00000, 0x0000000704e00000, 0x0000000705000000|  0%| F|  |TAMS 0x0000000704e00000| PB 0x0000000704e00000| Untracked |  0
|  26|0x0000000705000000, 0x0000000705000000, 0x0000000705200000|  0%| F|  |TAMS 0x0000000705000000| PB 0x0000000705000000| Untracked |  0
|  27|0x0000000705200000, 0x0000000705200000, 0x0000000705400000|  0%| F|  |TAMS 0x0000000705200000| PB 0x0000000705200000| Untracked |  0
|  28|0x0000000705400000, 0x0000000705400000, 0x0000000705600000|  0%| F|  |TAMS 0x0000000705400000| PB 0x0000000705400000| Untracked |  0
|  29|0x0000000705600000, 0x0000000705600000, 0x0000000705800000|  0%| F|  |TAMS 0x0000000705600000| PB 0x0000000705600000| Untracked |  0
|  30|0x0000000705800000, 0x0000000705800000, 0x0000000705a00000|  0%| F|  |TAMS 0x0000000705800000| PB 0x0000000705800000| Untracked |  0
|  31|0x0000000705a00000, 0x0000000705ac9490, 0x0000000705c00000| 39%| E|  |TAMS 0x0000000705a00000| PB 0x0000000705a00000| Complete |  0
|  32|0x0000000705c00000, 0x0000000705e00000, 0x0000000705e00000|100%| E|CS|TAMS 0x0000000705c00000| PB 0x0000000705c00000| Complete |  0
|  33|0x0000000705e00000, 0x0000000706000000, 0x0000000706000000|100%| E|CS|TAMS 0x0000000705e00000| PB 0x0000000705e00000| Complete |  0
|  34|0x0000000706000000, 0x0000000706200000, 0x0000000706200000|100%| E|CS|TAMS 0x0000000706000000| PB 0x0000000706000000| Complete |  0
|  35|0x0000000706200000, 0x0000000706400000, 0x0000000706400000|100%| E|CS|TAMS 0x0000000706200000| PB 0x0000000706200000| Complete |  1
|  36|0x0000000706400000, 0x0000000706600000, 0x0000000706600000|100%| E|  |TAMS 0x0000000706400000| PB 0x0000000706400000| Complete |  0
|  37|0x0000000706600000, 0x0000000706800000, 0x0000000706800000|100%| E|CS|TAMS 0x0000000706600000| PB 0x0000000706600000| Complete |  0
|  38|0x0000000706800000, 0x0000000706a00000, 0x0000000706a00000|100%| E|CS|TAMS 0x0000000706800000| PB 0x0000000706800000| Complete |  0
|  39|0x0000000706a00000, 0x0000000706c00000, 0x0000000706c00000|100%| E|CS|TAMS 0x0000000706a00000| PB 0x0000000706a00000| Complete |  0
|  40|0x0000000706c00000, 0x0000000706e00000, 0x0000000706e00000|100%| E|CS|TAMS 0x0000000706c00000| PB 0x0000000706c00000| Complete |  0
|  41|0x0000000706e00000, 0x0000000707000000, 0x0000000707000000|100%| E|CS|TAMS 0x0000000706e00000| PB 0x0000000706e00000| Complete |  0
|  42|0x0000000707000000, 0x0000000707200000, 0x0000000707200000|100%| E|CS|TAMS 0x0000000707000000| PB 0x0000000707000000| Complete |  0
|  43|0x0000000707200000, 0x0000000707400000, 0x0000000707400000|100%| E|CS|TAMS 0x0000000707200000| PB 0x0000000707200000| Complete |  0
|  44|0x0000000707400000, 0x0000000707600000, 0x0000000707600000|100%| E|CS|TAMS 0x0000000707400000| PB 0x0000000707400000| Complete |  0
|  45|0x0000000707600000, 0x0000000707800000, 0x0000000707800000|100%| E|CS|TAMS 0x0000000707600000| PB 0x0000000707600000| Complete |  0
|  59|0x0000000709200000, 0x0000000709400000, 0x0000000709400000|100%| E|CS|TAMS 0x0000000709200000| PB 0x0000000709200000| Complete |  0
|  60|0x0000000709400000, 0x0000000709600000, 0x0000000709600000|100%| E|CS|TAMS 0x0000000709400000| PB 0x0000000709400000| Complete |  0
|  61|0x0000000709600000, 0x0000000709800000, 0x0000000709800000|100%| E|CS|TAMS 0x0000000709600000| PB 0x0000000709600000| Complete |  0
|2033|0x00000007ffe00000, 0x0000000800000000, 0x0000000800000000|100%| E|CS|TAMS 0x00000007ffe00000| PB 0x00000007ffe00000| Complete |  0

Card table byte_map: [0x000002b221280000,0x000002b221a80000] _byte_map_base: 0x000002b21da72000

Marking Bits: (CMBitMap*) 0x000002b2092828a0
 Bits: [0x000002b221a80000, 0x000002b225a10000)

Polling page: 0x000002b206ff0000

Metaspace:
Metaspace        used 89557K, committed 90176K, reserved 1179648K
 class space     used 9701K, committed 9984K, reserved 1048576K

Usage:
  Non-class:     77.98 MB used.
      Class:      9.47 MB used.
       Both:     87.46 MB used.

Virtual space:
  Non-class space:      128.00 MB reserved,      78.31 MB ( 61%) committed,  2 nodes.
      Class space:        1.00 GB reserved,       9.75 MB ( <1%) committed,  1 nodes.
             Both:        1.12 GB reserved,      88.06 MB (  8%) committed. 

Chunk freelists:
   Non-Class:  800.00 KB
       Class:  6.11 MB
        Both:  6.89 MB

MaxMetaspaceSize: unlimited
CompressedClassSpaceSize: 1.00 GB
Initial GC threshold: 21.00 MB
Current GC threshold: 98.69 MB
CDS: on
 - commit_granule_bytes: 65536.
 - commit_granule_words: 8192.
 - virtual_space_node_default_size: 8388608.
 - enlarge_chunks_in_place: 1.
UseCompressedClassPointers 1, UseCompactObjectHeaders 0
Narrow klass pointer bits 32, Max shift 3
Narrow klass base: 0x0000000036000000, Narrow klass shift: 0
Encoding Range: [0x0000000036000000 - 0x0000000136000000), (4294967296 bytes)
Klass Range:    [0x0000000036010000 - 0x0000000077000000), (1090453504 bytes)
Klass ID Range:  [65536 - 1090519033) (1090453497)
Protection zone: [0x0000000036000000 - 0x0000000036010000), (65536 bytes)


Internal statistics:

num_allocs_failed_limit: 12.
num_arena_births: 710.
num_arena_deaths: 0.
num_vsnodes_births: 3.
num_vsnodes_deaths: 0.
num_space_committed: 1409.
num_space_uncommitted: 0.
num_chunks_returned_to_freelist: 12.
num_chunks_taken_from_freelist: 3722.
num_chunk_merges: 12.
num_chunk_splits: 2816.
num_chunks_enlarged: 2386.
num_inconsistent_stats: 0.

CodeHeap 'non-profiled nmethods': size=120064Kb used=3595Kb max_used=3595Kb free=116468Kb
 bounds [0x000002b219540000, 0x000002b2198d0000, 0x000002b220a80000]
CodeHeap 'profiled nmethods': size=120000Kb used=12350Kb max_used=12350Kb free=107649Kb
 bounds [0x000002b211a80000, 0x000002b212690000, 0x000002b218fb0000]
CodeHeap 'non-nmethods': size=5696Kb used=1754Kb max_used=1797Kb free=3941Kb
 bounds [0x000002b218fb0000, 0x000002b219220000, 0x000002b219540000]
CodeCache: size=245760Kb, used=17699Kb, max_used=17742Kb, free=228058Kb
 total_blobs=8313, nmethods=7516, adapters=695, full_count=0
Compilation: enabled, stopped_count=0, restarted_count=0

Compilation events (20 events):
Event: 1376.260 Thread 0x000002b209225430 nmethod 8211 0x000002b212687588 code [0x000002b212687680, 0x000002b212687810]
Event: 1377.294 Thread 0x000002b2092233f0 8212       4       java.lang.Integer::compareTo (12 bytes)
Event: 1377.295 Thread 0x000002b2092233f0 nmethod 8212 0x000002b2198c1b08 code [0x000002b2198c1c00, 0x000002b2198c1cb0]
Event: 1377.295 Thread 0x000002b2092233f0 8213       4       java.util.LinkedList::add (7 bytes)
Event: 1377.295 Thread 0x000002b209225430 8214       3       com.mysql.cj.protocol.a.NativePacketPayload::<init> (37 bytes)
Event: 1377.295 Thread 0x000002b209225430 nmethod 8214 0x000002b212687888 code [0x000002b212687980, 0x000002b212687d50]
Event: 1377.296 Thread 0x000002b209225430 8215       3       com.mysql.cj.protocol.result.AbstractResultsetRow::decodeAndCreateReturnValue (1125 bytes)
Event: 1377.297 Thread 0x000002b2092233f0 nmethod 8213 0x000002b2198c1e08 code [0x000002b2198c1f00, 0x000002b2198c2340]
Event: 1377.298 Thread 0x000002b2092233f0 8216       4       java.util.concurrent.ConcurrentHashMap::sumCount (60 bytes)
Event: 1377.298 Thread 0x000002b2092233f0 nmethod 8216 0x000002b2198c2388 code [0x000002b2198c2480, 0x000002b2198c2520]
Event: 1377.301 Thread 0x000002b209225430 nmethod 8215 0x000002b212687d88 code [0x000002b212687e80, 0x000002b21268bea8]
Event: 1384.191 Thread 0x000002b2092233f0 8217       4       java.util.concurrent.locks.LockSupport::setBlocker (12 bytes)
Event: 1384.192 Thread 0x000002b2092233f0 nmethod 8217 0x000002b2198c2688 code [0x000002b2198c2780, 0x000002b2198c28e8]
Event: 1384.298 Thread 0x000002b2092233f0 8218   !   4       com.mysql.cj.conf.DefaultPropertySet::getProperty (52 bytes)
Event: 1384.302 Thread 0x000002b209225430 8220       3       com.mysql.cj.result.Field::getColumnLabel (5 bytes)
Event: 1384.302 Thread 0x000002b209225430 nmethod 8220 0x000002b21268bf08 code [0x000002b21268c000, 0x000002b21268c258]
Event: 1384.303 Thread 0x000002b209225430 8221       1       com.mysql.cj.protocol.a.NativeCapabilities::getServerVersion (5 bytes)
Event: 1384.303 Thread 0x000002b209225430 nmethod 8221 0x000002b2198c2988 code [0x000002b2198c2a80, 0x000002b2198c2b48]
Event: 1384.303 Thread 0x000002b209225430 8222       3       com.mysql.cj.protocol.a.NativeProtocol::checkErrorMessage (380 bytes)
Event: 1384.325 Thread 0x000002b209225430 nmethod 8222 0x000002b21268c288 code [0x000002b21268c380, 0x000002b21268f950]

GC Heap Usage History (20 events):
Event: 3.269 {heap Before GC invocations=1 (full 0):
 garbage-first heap   total reserved 4165632K, committed 264192K, used 78850K [0x0000000701c00000, 0x0000000800000000)
  region size 2048K, 37 young (75776K), 2 survivors (4096K)
}
Event: 3.284 {heap After GC invocations=2 (full 0):
 garbage-first heap   total reserved 4165632K, committed 264192K, used 17410K [0x0000000701c00000, 0x0000000800000000)
  region size 2048K, 6 young (12288K), 6 survivors (12288K)
}
Event: 4.471 {heap Before GC invocations=3 (full 0):
 garbage-first heap   total reserved 4165632K, committed 61440K, used 41986K [0x0000000701c00000, 0x0000000800000000)
  region size 2048K, 18 young (36864K), 6 survivors (12288K)
}
Event: 4.493 {heap After GC invocations=4 (full 0):
 garbage-first heap   total reserved 4165632K, committed 61440K, used 19226K [0x0000000701c00000, 0x0000000800000000)
  region size 2048K, 2 young (4096K), 2 survivors (4096K)
}
Event: 5.513 {heap Before GC invocations=4 (full 0):
 garbage-first heap   total reserved 4165632K, committed 61440K, used 41754K [0x0000000701c00000, 0x0000000800000000)
  region size 2048K, 13 young (26624K), 2 survivors (4096K)
}
Event: 5.530 {heap After GC invocations=5 (full 0):
 garbage-first heap   total reserved 4165632K, committed 61440K, used 21693K [0x0000000701c00000, 0x0000000800000000)
  region size 2048K, 2 young (4096K), 2 survivors (4096K)
}
Event: 6.365 {heap Before GC invocations=5 (full 0):
 garbage-first heap   total reserved 4165632K, committed 61440K, used 46269K [0x0000000701c00000, 0x0000000800000000)
  region size 2048K, 14 young (28672K), 2 survivors (4096K)
}
Event: 6.382 {heap After GC invocations=6 (full 0):
 garbage-first heap   total reserved 4165632K, committed 61440K, used 23756K [0x0000000701c00000, 0x0000000800000000)
  region size 2048K, 2 young (4096K), 2 survivors (4096K)
}
Event: 6.487 {heap Before GC invocations=6 (full 0):
 garbage-first heap   total reserved 4165632K, committed 61440K, used 25804K [0x0000000701c00000, 0x0000000800000000)
  region size 2048K, 4 young (8192K), 2 survivors (4096K)
}
Event: 6.499 {heap After GC invocations=7 (full 0):
 garbage-first heap   total reserved 4165632K, committed 61440K, used 24410K [0x0000000701c00000, 0x0000000800000000)
  region size 2048K, 2 young (4096K), 2 survivors (4096K)
}
Event: 7.368 {heap Before GC invocations=8 (full 0):
 garbage-first heap   total reserved 4165632K, committed 61440K, used 46938K [0x0000000701c00000, 0x0000000800000000)
  region size 2048K, 13 young (26624K), 2 survivors (4096K)
}
Event: 7.380 {heap After GC invocations=9 (full 0):
 garbage-first heap   total reserved 4165632K, committed 61440K, used 26488K [0x0000000701c00000, 0x0000000800000000)
  region size 2048K, 2 young (4096K), 2 survivors (4096K)
}
Event: 8.161 {heap Before GC invocations=9 (full 0):
 garbage-first heap   total reserved 4165632K, committed 61440K, used 46968K [0x0000000701c00000, 0x0000000800000000)
  region size 2048K, 13 young (26624K), 2 survivors (4096K)
}
Event: 8.175 {heap After GC invocations=10 (full 0):
 garbage-first heap   total reserved 4165632K, committed 161792K, used 27551K [0x0000000701c00000, 0x0000000800000000)
  region size 2048K, 2 young (4096K), 2 survivors (4096K)
}
Event: 10.137 {heap Before GC invocations=10 (full 0):
 garbage-first heap   total reserved 4165632K, committed 161792K, used 58271K [0x0000000701c00000, 0x0000000800000000)
  region size 2048K, 19 young (38912K), 2 survivors (4096K)
}
Event: 10.146 {heap After GC invocations=11 (full 0):
 garbage-first heap   total reserved 4165632K, committed 161792K, used 28766K [0x0000000701c00000, 0x0000000800000000)
  region size 2048K, 3 young (6144K), 3 survivors (6144K)
}
Event: 12.136 {heap Before GC invocations=12 (full 0):
 garbage-first heap   total reserved 4165632K, committed 102400K, used 84062K [0x0000000701c00000, 0x0000000800000000)
  region size 2048K, 30 young (61440K), 3 survivors (6144K)
}
Event: 12.152 {heap After GC invocations=13 (full 0):
 garbage-first heap   total reserved 4165632K, committed 102400K, used 33770K [0x0000000701c00000, 0x0000000800000000)
  region size 2048K, 4 young (8192K), 4 survivors (8192K)
}
Event: 13.927 {heap Before GC invocations=13 (full 0):
 garbage-first heap   total reserved 4165632K, committed 102400K, used 82922K [0x0000000701c00000, 0x0000000800000000)
  region size 2048K, 29 young (59392K), 4 survivors (8192K)
}
Event: 13.942 {heap After GC invocations=14 (full 0):
 garbage-first heap   total reserved 4165632K, committed 102400K, used 36775K [0x0000000701c00000, 0x0000000800000000)
  region size 2048K, 2 young (4096K), 2 survivors (4096K)
}

Metaspace Usage History (20 events):
Event: 3.269 {metaspace Before GC invocations=1 (full 0):
 Metaspace       used 21276K, committed 21504K, reserved 1114112K
  class space    used 2024K, committed 2112K, reserved 1048576K
}
Event: 3.284 {metaspace After GC invocations=2 (full 0):
 Metaspace       used 21276K, committed 21504K, reserved 1114112K
  class space    used 2024K, committed 2112K, reserved 1048576K
}
Event: 4.471 {metaspace Before GC invocations=3 (full 0):
 Metaspace       used 25306K, committed 25536K, reserved 1114112K
  class space    used 2464K, committed 2560K, reserved 1048576K
}
Event: 4.493 {metaspace After GC invocations=4 (full 0):
 Metaspace       used 25306K, committed 25536K, reserved 1114112K
  class space    used 2464K, committed 2560K, reserved 1048576K
}
Event: 5.513 {metaspace Before GC invocations=4 (full 0):
 Metaspace       used 29863K, committed 30208K, reserved 1114112K
  class space    used 2971K, committed 3136K, reserved 1048576K
}
Event: 5.530 {metaspace After GC invocations=5 (full 0):
 Metaspace       used 29863K, committed 30208K, reserved 1114112K
  class space    used 2971K, committed 3136K, reserved 1048576K
}
Event: 6.365 {metaspace Before GC invocations=5 (full 0):
 Metaspace       used 35027K, committed 35392K, reserved 1114112K
  class space    used 3570K, committed 3712K, reserved 1048576K
}
Event: 6.382 {metaspace After GC invocations=6 (full 0):
 Metaspace       used 35027K, committed 35392K, reserved 1114112K
  class space    used 3570K, committed 3712K, reserved 1048576K
}
Event: 6.487 {metaspace Before GC invocations=6 (full 0):
 Metaspace       used 35606K, committed 35968K, reserved 1114112K
  class space    used 3660K, committed 3840K, reserved 1048576K
}
Event: 6.499 {metaspace After GC invocations=7 (full 0):
 Metaspace       used 35606K, committed 35968K, reserved 1114112K
  class space    used 3660K, committed 3840K, reserved 1048576K
}
Event: 7.368 {metaspace Before GC invocations=8 (full 0):
 Metaspace       used 41898K, committed 42240K, reserved 1114112K
  class space    used 4302K, committed 4480K, reserved 1048576K
}
Event: 7.380 {metaspace After GC invocations=9 (full 0):
 Metaspace       used 41898K, committed 42240K, reserved 1114112K
  class space    used 4302K, committed 4480K, reserved 1048576K
}
Event: 8.161 {metaspace Before GC invocations=9 (full 0):
 Metaspace       used 48046K, committed 48448K, reserved 1114112K
  class space    used 4876K, committed 5056K, reserved 1048576K
}
Event: 8.175 {metaspace After GC invocations=10 (full 0):
 Metaspace       used 48046K, committed 48448K, reserved 1114112K
  class space    used 4876K, committed 5056K, reserved 1048576K
}
Event: 10.137 {metaspace Before GC invocations=10 (full 0):
 Metaspace       used 59702K, committed 60096K, reserved 1114112K
  class space    used 6130K, committed 6336K, reserved 1048576K
}
Event: 10.146 {metaspace After GC invocations=11 (full 0):
 Metaspace       used 59702K, committed 60096K, reserved 1114112K
  class space    used 6130K, committed 6336K, reserved 1048576K
}
Event: 12.136 {metaspace Before GC invocations=12 (full 0):
 Metaspace       used 70382K, committed 70912K, reserved 1114112K
  class space    used 7228K, committed 7488K, reserved 1048576K
}
Event: 12.152 {metaspace After GC invocations=13 (full 0):
 Metaspace       used 70382K, committed 70912K, reserved 1114112K
  class space    used 7228K, committed 7488K, reserved 1048576K
}
Event: 13.927 {metaspace Before GC invocations=13 (full 0):
 Metaspace       used 79209K, committed 79744K, reserved 1179648K
  class space    used 8536K, committed 8768K, reserved 1048576K
}
Event: 13.942 {metaspace After GC invocations=14 (full 0):
 Metaspace       used 79209K, committed 79744K, reserved 1179648K
  class space    used 8536K, committed 8768K, reserved 1048576K
}

Dll operation events (9 events):
Event: 0.015 Loaded shared library D:\ad_sdk\java25\bin\java.dll
Event: 0.335 Loaded shared library D:\ad_sdk\java25\bin\net.dll
Event: 0.336 Loaded shared library D:\ad_sdk\java25\bin\nio.dll
Event: 0.340 Loaded shared library D:\ad_sdk\java25\bin\zip.dll
Event: 0.500 Loaded shared library D:\ad_sdk\java25\bin\jimage.dll
Event: 2.284 Loaded shared library D:\ad_sdk\java25\bin\sunmscapi.dll
Event: 5.431 Loaded shared library D:\ad_sdk\java25\bin\management.dll
Event: 5.434 Loaded shared library D:\ad_sdk\java25\bin\management_ext.dll
Event: 7.346 Loaded shared library D:\ad_sdk\java25\bin\extnet.dll

Deoptimization events (20 events):
Event: 1312.427 Thread 0x000002b22ede1630 DEOPT PACKING pc=0x000002b219832508 sp=0x000000db7e1fd300
Event: 1312.427 Thread 0x000002b22ede1630 DEOPT UNPACKING pc=0x000002b2190df802 sp=0x000000db7e1fd228 mode 2
Event: 1313.629 Thread 0x000002b22ede1630 DEOPT PACKING pc=0x000002b21256cd30 sp=0x000000db7e1fb680
Event: 1313.629 Thread 0x000002b22ede1630 DEOPT UNPACKING pc=0x000002b219001702 sp=0x000000db7e1faaf0 mode 0
Event: 1317.433 Thread 0x000002b22d4d9d00 Uncommon trap: trap_request=0xffffffc6 fr.pc=0x000002b219832508 relative=0x0000000000000808
Event: 1317.433 Thread 0x000002b22d4d9d00 Uncommon trap: reason=bimorphic_or_optimized_type_check action=maybe_recompile pc=0x000002b219832508 method=java.util.HashMap.putVal(ILjava/lang/Object;Ljava/lang/Object;ZZ)Ljava/lang/Object; @ 253 c2
Event: 1317.433 Thread 0x000002b22d4d9d00 DEOPT PACKING pc=0x000002b219832508 sp=0x000000db7e2fd760
Event: 1317.433 Thread 0x000002b22d4d9d00 DEOPT UNPACKING pc=0x000002b2190df802 sp=0x000000db7e2fd688 mode 2
Event: 1317.722 Thread 0x000002b22d4d9d00 DEOPT PACKING pc=0x000002b21256cd30 sp=0x000000db7e2fbaf0
Event: 1317.722 Thread 0x000002b22d4d9d00 DEOPT UNPACKING pc=0x000002b219001702 sp=0x000000db7e2faf60 mode 0
Event: 1354.852 Thread 0x000002b22ff4dde0 DEOPT PACKING pc=0x000002b212358915 sp=0x000000db7b6fdda0
Event: 1354.852 Thread 0x000002b22ff4dde0 DEOPT UNPACKING pc=0x000002b219001702 sp=0x000000db7b6fd228 mode 0
Event: 1355.210 Thread 0x000002b22d4d75f0 DEOPT PACKING pc=0x000002b21256cd30 sp=0x000000db7e3fb7e0
Event: 1355.210 Thread 0x000002b22d4d75f0 DEOPT UNPACKING pc=0x000002b219001702 sp=0x000000db7e3fac50 mode 0
Event: 1372.165 Thread 0x000002b22ff51490 DEOPT PACKING pc=0x000002b212448891 sp=0x000000db7e7fe2f0
Event: 1372.165 Thread 0x000002b22ff51490 DEOPT UNPACKING pc=0x000002b219001702 sp=0x000000db7e7fd788 mode 0
Event: 1372.649 Thread 0x000002b22eddfec0 Uncommon trap: trap_request=0xffffff5e fr.pc=0x000002b21981024c relative=0x00000000000002cc
Event: 1372.649 Thread 0x000002b22eddfec0 Uncommon trap: reason=speculate_class_check action=maybe_recompile pc=0x000002b21981024c method=org.springframework.core.MethodParameter.getGenericParameterType()Ljava/lang/reflect/Type; @ 17 c2
Event: 1372.649 Thread 0x000002b22eddfec0 DEOPT PACKING pc=0x000002b21981024c sp=0x000000db7dbfc180
Event: 1372.649 Thread 0x000002b22eddfec0 DEOPT UNPACKING pc=0x000002b2190df802 sp=0x000000db7dbfc0c0 mode 2

Classes loaded (20 events):
Event: 41.974 Loading class java/io/OutputStream$1
Event: 41.974 Loading class java/io/OutputStream$1 done
Event: 42.041 Loading class java/util/stream/DoubleStream
Event: 42.041 Loading class java/util/stream/DoubleStream done
Event: 743.773 Loading class sun/security/ssl/PreSharedKeyExtension$PskIdentity
Event: 743.773 Loading class sun/security/ssl/PreSharedKeyExtension$PskIdentity done
Event: 743.774 Loading class javax/crypto/spec/HKDFParameterSpec$ExtractThenExpand
Event: 743.774 Loading class javax/crypto/spec/HKDFParameterSpec$ExtractThenExpand done
Event: 743.775 Loading class sun/security/ssl/PreSharedKeyExtension$CHPreSharedKeySpec
Event: 743.775 Loading class sun/security/ssl/PreSharedKeyExtension$CHPreSharedKeySpec done
Event: 743.775 Loading class sun/security/ssl/PreSharedKeyExtension$PartialClientHelloMessage
Event: 743.776 Loading class sun/security/ssl/PreSharedKeyExtension$PartialClientHelloMessage done
Event: 743.784 Loading class sun/security/ssl/PreSharedKeyExtension$SHPreSharedKeySpec
Event: 743.785 Loading class sun/security/ssl/PreSharedKeyExtension$SHPreSharedKeySpec done
Event: 1371.182 Loading class javax/crypto/NoSuchPaddingException
Event: 1371.183 Loading class javax/crypto/NoSuchPaddingException done
Event: 1371.183 Loading class javax/crypto/IllegalBlockSizeException
Event: 1371.183 Loading class javax/crypto/IllegalBlockSizeException done
Event: 1371.183 Loading class javax/crypto/BadPaddingException
Event: 1371.184 Loading class javax/crypto/BadPaddingException done

Classes unloaded (0 events):
No events

Classes redefined (0 events):
No events

Internal exceptions (20 events):
Event: 13.089 Thread 0x000002b206dc0650 Exception <a 'java/lang/NoSuchMethodError'{0x0000000706cf7a30}: 'java.lang.Object java.lang.invoke.DirectMethodHandle$Holder.newInvokeSpecial(java.lang.Object, java.lang.Object, int, java.lang.Object, java.lang.Object)'> (0x0000000706cf7a30) 
thrown [s\open\src\hotspot\share\interpreter\linkResolver.cpp, line 804]
Event: 13.243 Thread 0x000002b206dc0650 Exception <a 'java/lang/NoSuchMethodError'{0x00000007066e47b8}: 'double java.lang.invoke.DirectMethodHandle$Holder.invokeStatic(java.lang.Object, double)'> (0x00000007066e47b8) 
thrown [s\open\src\hotspot\share\interpreter\linkResolver.cpp, line 804]
Event: 13.244 Thread 0x000002b206dc0650 Exception <a 'java/lang/NoSuchMethodError'{0x00000007066f37e0}: 'double java.lang.invoke.DirectMethodHandle$Holder.invokeStaticInit(java.lang.Object, double)'> (0x00000007066f37e0) 
thrown [s\open\src\hotspot\share\interpreter\linkResolver.cpp, line 804]
Event: 13.864 Thread 0x000002b206dc0650 Exception <a 'java/lang/NoSuchMethodError'{0x00000007050e5378}: 'java.lang.Object java.lang.invoke.DirectMethodHandle$Holder.invokeStatic(java.lang.Object, java.lang.Object, java.lang.Object, java.lang.Object, java.lang.Object, java.lang.Object, java.lang.Object, java.lang.Object, java.lang.Object, java.lang.Object, java.lang.Object)'> (0x00000007050e5378) 
thrown [s\open\src\hotspot\share\interpreter\linkResolver.cpp, line 804]
Event: 13.898 Thread 0x000002b206dc0650 Exception <a 'java/lang/NoSuchMethodError'{0x0000000704e98e30}: 'java.lang.Object java.lang.invoke.DirectMethodHandle$Holder.newInvokeSpecial(java.lang.Object, java.lang.Object, int, int)'> (0x0000000704e98e30) 
thrown [s\open\src\hotspot\share\interpreter\linkResolver.cpp, line 804]
Event: 13.906 Thread 0x000002b206dc0650 Exception <a 'java/lang/NoSuchMethodError'{0x0000000704f0a638}: 'void java.lang.invoke.DirectMethodHandle$Holder.invokeStatic(java.lang.Object, java.lang.Object, int, int, java.lang.Object)'> (0x0000000704f0a638) 
thrown [s\open\src\hotspot\share\interpreter\linkResolver.cpp, line 804]
Event: 13.912 Thread 0x000002b206dc0650 Exception <a 'java/lang/NoSuchMethodError'{0x0000000704f71738}: 'void java.lang.invoke.DirectMethodHandle$Holder.invokeSpecialIFC(java.lang.Object, java.lang.Object, int, java.lang.Object, java.lang.Object, java.lang.Object, java.lang.Object)'> (0x0000000704f71738) 
thrown [s\open\src\hotspot\share\interpreter\linkResolver.cpp, line 804]
Event: 23.244 Thread 0x000002b22dfc6d20 Exception <a 'java/lang/NoSuchMethodError'{0x00000007097d62c8}: 'java.lang.Object java.lang.invoke.DirectMethodHandle$Holder.invokeStatic(java.lang.Object, java.lang.Object, java.lang.Object, int, int)'> (0x00000007097d62c8) 
thrown [s\open\src\hotspot\share\interpreter\linkResolver.cpp, line 804]
Event: 23.244 Thread 0x000002b22dfc6d20 Exception <a 'java/lang/NoSuchMethodError'{0x00000007097de4e0}: 'java.lang.Object java.lang.invoke.DirectMethodHandle$Holder.invokeStaticInit(java.lang.Object, java.lang.Object, java.lang.Object, int, int)'> (0x00000007097de4e0) 
thrown [s\open\src\hotspot\share\interpreter\linkResolver.cpp, line 804]
Event: 23.289 Thread 0x000002b22eddef20 Exception <a 'java/lang/NoSuchMethodError'{0x00000007094eb160}: 'java.lang.Object java.lang.invoke.DirectMethodHandle$Holder.invokeSpecial(java.lang.Object, java.lang.Object, java.lang.Object, java.lang.Object, java.lang.Object, long)'> (0x00000007094eb160) 
thrown [s\open\src\hotspot\share\interpreter\linkResolver.cpp, line 804]
Event: 23.289 Thread 0x000002b22eddef20 Exception <a 'java/lang/NoSuchMethodError'{0x00000007094f39e0}: 'java.lang.Object java.lang.invoke.DirectMethodHandle$Holder.invokeSpecial(java.lang.Object, java.lang.Object, java.lang.Object, java.lang.Object, java.lang.Object, java.lang.Object, long)'> (0x00000007094f39e0) 
thrown [s\open\src\hotspot\share\interpreter\linkResolver.cpp, line 804]
Event: 23.290 Thread 0x000002b22eddef20 Exception <a 'java/lang/NoSuchMethodError'{0x00000007094fbd38}: 'java.lang.Object java.lang.invoke.DelegatingMethodHandle$Holder.reinvoke_L(java.lang.Object, java.lang.Object, java.lang.Object, java.lang.Object, java.lang.Object, long)'> (0x00000007094fbd38) 
thrown [s\open\src\hotspot\share\interpreter\linkResolver.cpp, line 804]
Event: 23.291 Thread 0x000002b22eddef20 Exception <a 'java/lang/NoSuchMethodError'{0x000000070950c470}: 'java.lang.Object java.lang.invoke.Invokers$Holder.linkToTargetMethod(java.lang.Object, java.lang.Object, java.lang.Object, long, java.lang.Object)'> (0x000000070950c470) 
thrown [s\open\src\hotspot\share\interpreter\linkResolver.cpp, line 804]
Event: 23.634 Thread 0x000002b22eddef20 Exception <a 'java/lang/NoSuchMethodError'{0x00000007074ecc18}: 'java.lang.Object java.lang.invoke.Invokers$Holder.invoker(java.lang.Object, java.lang.Object, java.lang.Object, java.lang.Object)'> (0x00000007074ecc18) 
thrown [s\open\src\hotspot\share\interpreter\linkResolver.cpp, line 804]
Event: 40.048 Thread 0x000002b22eddfec0 Exception <a 'java/lang/NoSuchMethodError'{0x0000000706c808f8}: 'void java.lang.invoke.DirectMethodHandle$Holder.invokeStatic(java.lang.Object, java.lang.Object, java.lang.Object, java.lang.Object, java.lang.Object, java.lang.Object, java.lang.Object)'> (0x0000000706c808f8) 
thrown [s\open\src\hotspot\share\interpreter\linkResolver.cpp, line 804]
Event: 40.122 Thread 0x000002b22ff4e5b0 Exception <a 'java/lang/NoSuchMethodError'{0x0000000706d33470}: 'java.lang.Object java.lang.invoke.DirectMethodHandle$Holder.invokeSpecial(java.lang.Object, java.lang.Object, java.lang.Object, java.lang.Object, java.lang.Object, int)'> (0x0000000706d33470) 
thrown [s\open\src\hotspot\share\interpreter\linkResolver.cpp, line 804]
Event: 40.180 Thread 0x000002b22eddb0a0 Exception <a 'java/lang/NoSuchMethodError'{0x00000007096d56f8}: 'void java.lang.invoke.DirectMethodHandle$Holder.invokeStatic(java.lang.Object, java.lang.Object, int)'> (0x00000007096d56f8) 
thrown [s\open\src\hotspot\share\interpreter\linkResolver.cpp, line 804]
Event: 40.214 Thread 0x000002b22ff4f550 Exception <a 'java/lang/NoSuchMethodError'{0x0000000706b54610}: 'long java.lang.invoke.DirectMethodHandle$Holder.invokeStatic(java.lang.Object, long, long)'> (0x0000000706b54610) 
thrown [s\open\src\hotspot\share\interpreter\linkResolver.cpp, line 804]
Event: 40.214 Thread 0x000002b22eddb0a0 Exception <a 'java/lang/NoSuchMethodError'{0x0000000706a80218}: 'long java.lang.invoke.DirectMethodHandle$Holder.invokeStatic(java.lang.Object, long, long)'> (0x0000000706a80218) 
thrown [s\open\src\hotspot\share\interpreter\linkResolver.cpp, line 804]
Event: 40.613 Thread 0x000002b22ff4f550 Exception <a 'java/lang/NoSuchMethodError'{0x00000007068121f0}: 'java.lang.Object java.lang.invoke.Invokers$Holder.invoke_MT(java.lang.Object, java.lang.Object, java.lang.Object, java.lang.Object, java.lang.Object, java.lang.Object)'> (0x00000007068121f0) 
thrown [s\open\src\hotspot\share\interpreter\linkResolver.cpp, line 804]

VM Operations (20 events):
Event: 60.112 Executing non-safepoint VM operation: HandshakeAllThreads (HandshakeForDeflation)
Event: 60.112 Executing non-safepoint VM operation: HandshakeAllThreads (HandshakeForDeflation) done
Event: 60.112 Executing non-safepoint VM operation: RendezvousGCThreads
Event: 60.112 Executing non-safepoint VM operation: RendezvousGCThreads done
Event: 120.270 Executing non-safepoint VM operation: HandshakeAllThreads (HandshakeForDeflation)
Event: 120.270 Executing non-safepoint VM operation: HandshakeAllThreads (HandshakeForDeflation) done
Event: 120.270 Executing non-safepoint VM operation: RendezvousGCThreads
Event: 120.270 Executing non-safepoint VM operation: RendezvousGCThreads done
Event: 781.607 Executing non-safepoint VM operation: HandshakeAllThreads (HandshakeForDeflation)
Event: 781.608 Executing non-safepoint VM operation: HandshakeAllThreads (HandshakeForDeflation) done
Event: 781.608 Executing non-safepoint VM operation: RendezvousGCThreads
Event: 781.608 Executing non-safepoint VM operation: RendezvousGCThreads done
Event: 1322.453 Executing non-safepoint VM operation: HandshakeAllThreads (HandshakeForDeflation)
Event: 1322.454 Executing non-safepoint VM operation: HandshakeAllThreads (HandshakeForDeflation) done
Event: 1322.454 Executing non-safepoint VM operation: RendezvousGCThreads
Event: 1322.454 Executing non-safepoint VM operation: RendezvousGCThreads done
Event: 1382.543 Executing non-safepoint VM operation: HandshakeAllThreads (HandshakeForDeflation)
Event: 1382.543 Executing non-safepoint VM operation: HandshakeAllThreads (HandshakeForDeflation) done
Event: 1382.549 Executing non-safepoint VM operation: RendezvousGCThreads
Event: 1382.549 Executing non-safepoint VM operation: RendezvousGCThreads done

Memory protections (0 events):
No events

Nmethod flushes (20 events):
Event: 10.219 Thread 0x000002b227fb4d50 flushing  nmethod 0x000002b21205b088
Event: 10.219 Thread 0x000002b227fb4d50 flushing  nmethod 0x000002b212088788
Event: 10.219 Thread 0x000002b227fb4d50 flushing  nmethod 0x000002b21208f908
Event: 10.219 Thread 0x000002b227fb4d50 flushing  nmethod 0x000002b212090288
Event: 10.219 Thread 0x000002b227fb4d50 flushing  nmethod 0x000002b2120a1188
Event: 10.219 Thread 0x000002b227fb4d50 flushing  nmethod 0x000002b2120a7588
Event: 10.219 Thread 0x000002b227fb4d50 flushing  nmethod 0x000002b2120bfc08
Event: 10.219 Thread 0x000002b227fb4d50 flushing  nmethod 0x000002b2120c0108
Event: 10.219 Thread 0x000002b227fb4d50 flushing  nmethod 0x000002b2120d2108
Event: 10.219 Thread 0x000002b227fb4d50 flushing  nmethod 0x000002b2120d3388
Event: 10.219 Thread 0x000002b227fb4d50 flushing  nmethod 0x000002b2120ecc88
Event: 10.219 Thread 0x000002b227fb4d50 flushing  nmethod 0x000002b2120efe88
Event: 10.219 Thread 0x000002b227fb4d50 flushing  nmethod 0x000002b212126d08
Event: 10.219 Thread 0x000002b227fb4d50 flushing  nmethod 0x000002b212158188
Event: 10.219 Thread 0x000002b227fb4d50 flushing  nmethod 0x000002b2121ea088
Event: 10.219 Thread 0x000002b227fb4d50 flushing  nmethod 0x000002b2121eef88
Event: 10.219 Thread 0x000002b227fb4d50 flushing  nmethod 0x000002b2122f1988
Event: 10.219 Thread 0x000002b227fb4d50 flushing  nmethod 0x000002b2122f1d08
Event: 10.219 Thread 0x000002b227fb4d50 flushing  nmethod 0x000002b2122f2008
Event: 10.219 Thread 0x000002b227fb4d50 flushing  nmethod 0x000002b2122f4608

Events (20 events):
Event: 804.802 Thread 0x000002b22ff4bea0 Thread exited: 0x000002b22ff4bea0
Event: 1312.462 Thread 0x000002b22ede1630 Thread added: 0x000002b22ff4dde0
Event: 1312.529 Thread 0x000002b22eddb0a0 Thread added: 0x000002b22ff4e5b0
Event: 1312.550 Thread 0x000002b209225430 Thread added: 0x000002b22841e8e0
Event: 1313.358 Thread 0x000002b22841e8e0 Thread exited: 0x000002b22841e8e0
Event: 1313.607 Thread 0x000002b22ff4e5b0 Thread added: 0x000002b22ff4fd20
Event: 1371.153 Thread 0x000002b22d4d8d60 Thread added: 0x000002b22ff4c670
Event: 1371.203 Thread 0x000002b22ff4c670 Thread added: 0x000002b22ff50cc0
Event: 1372.077 Thread 0x000002b22eddfec0 Thread added: 0x000002b22ff51490
Event: 1372.096 Thread 0x000002b22eddc810 Thread added: 0x000002b22ff52430
Event: 1372.181 Thread 0x000002b22ff51490 Thread added: 0x000002b22d4d3770
Event: 1372.197 Thread 0x000002b22d4d3770 Thread exited: 0x000002b22d4d3770
Event: 1376.213 Thread 0x000002b22ff4c670 Thread exited: 0x000002b22ff4c670
Event: 1376.285 Thread 0x000002b22ff50cc0 Thread exited: 0x000002b22ff50cc0
Event: 1377.290 Thread 0x000002b22d4d8d60 Thread added: 0x000002b22d4d3770
Event: 1377.291 Thread 0x000002b22d4d3770 Thread added: 0x000002b22ff4d610
Event: 1382.299 Thread 0x000002b22d4d3770 Thread exited: 0x000002b22d4d3770
Event: 1382.346 Thread 0x000002b22ff4d610 Thread exited: 0x000002b22ff4d610
Event: 1384.248 Thread 0x000002b22d4d8d60 Thread added: 0x000002b22ff4c670
Event: 1384.294 Thread 0x000002b22ff4c670 Thread added: 0x000002b22ff504f0


Dynamic libraries:
0x00007ff7a79d0000 - 0x00007ff7a79de000 	D:\ad_sdk\java25\bin\java.exe
0x00007ff91e120000 - 0x00007ff91e388000 	C:\WINDOWS\SYSTEM32\ntdll.dll
0x00007ff91bec0000 - 0x00007ff91bf89000 	C:\WINDOWS\System32\KERNEL32.DLL
0x00007ff91b760000 - 0x00007ff91bb58000 	C:\WINDOWS\System32\KERNELBASE.dll
0x00007ff91b330000 - 0x00007ff91b47b000 	C:\WINDOWS\System32\ucrtbase.dll
0x00007ff9010e0000 - 0x00007ff9010fe000 	D:\ad_sdk\java25\bin\VCRUNTIME140.dll
0x00007ff900c00000 - 0x00007ff900c17000 	D:\ad_sdk\java25\bin\jli.dll
0x00007ff91c050000 - 0x00007ff91c217000 	C:\WINDOWS\System32\USER32.dll
0x00007ff906120000 - 0x00007ff9063b4000 	C:\WINDOWS\WinSxS\amd64_microsoft.windows.common-controls_6595b64144ccf1df_6.0.26100.7019_none_3e06ffa0e335b8a8\COMCTL32.dll
0x00007ff91b270000 - 0x00007ff91b297000 	C:\WINDOWS\System32\win32u.dll
0x00007ff91d9d0000 - 0x00007ff91da79000 	C:\WINDOWS\System32\msvcrt.dll
0x00007ff91d610000 - 0x00007ff91d63b000 	C:\WINDOWS\System32\GDI32.dll
0x00007ff91bd90000 - 0x00007ff91bebc000 	C:\WINDOWS\System32\gdi32full.dll
0x00007ff91b530000 - 0x00007ff91b5d3000 	C:\WINDOWS\System32\msvcp_win.dll
0x00007ff91bf90000 - 0x00007ff91bfc1000 	C:\WINDOWS\System32\IMM32.DLL
0x00007ff905700000 - 0x00007ff90570c000 	D:\ad_sdk\java25\bin\vcruntime140_1.dll
0x00007ff8e1970000 - 0x00007ff8e19fd000 	D:\ad_sdk\java25\bin\msvcp140.dll
0x00007ff879850000 - 0x00007ff87a6af000 	D:\ad_sdk\java25\bin\server\jvm.dll
0x00007ff91dbf0000 - 0x00007ff91dca4000 	C:\WINDOWS\System32\ADVAPI32.dll
0x00007ff91dcb0000 - 0x00007ff91dd56000 	C:\WINDOWS\System32\sechost.dll
0x00007ff91d3d0000 - 0x00007ff91d4e8000 	C:\WINDOWS\System32\RPCRT4.dll
0x00007ff91df40000 - 0x00007ff91dfb4000 	C:\WINDOWS\System32\WS2_32.dll
0x00007ff91b0d0000 - 0x00007ff91b12e000 	C:\WINDOWS\SYSTEM32\POWRPROF.dll
0x00007ff905130000 - 0x00007ff905165000 	C:\WINDOWS\SYSTEM32\WINMM.dll
0x00007ff90fbf0000 - 0x00007ff90fbfb000 	C:\WINDOWS\SYSTEM32\VERSION.dll
0x00007ff91b0b0000 - 0x00007ff91b0c4000 	C:\WINDOWS\SYSTEM32\UMPDC.dll
0x00007ff919ff0000 - 0x00007ff91a00b000 	C:\WINDOWS\SYSTEM32\kernel.appcore.dll
0x00007ff905530000 - 0x00007ff90553a000 	D:\ad_sdk\java25\bin\jimage.dll
0x00007ff918b50000 - 0x00007ff918d92000 	C:\WINDOWS\SYSTEM32\DBGHELP.DLL
0x00007ff91d640000 - 0x00007ff91d9cb000 	C:\WINDOWS\System32\combase.dll
0x00007ff91d500000 - 0x00007ff91d5d7000 	C:\WINDOWS\System32\OLEAUT32.dll
0x00007ff905ea0000 - 0x00007ff905edc000 	C:\WINDOWS\SYSTEM32\dbgcore.DLL
0x00007ff91b480000 - 0x00007ff91b525000 	C:\WINDOWS\System32\bcryptPrimitives.dll
0x00007ff8f3850000 - 0x00007ff8f388d000 	D:\ad_sdk\java25\bin\jdwp.dll
0x00007ff8f9280000 - 0x00007ff8f929f000 	D:\ad_sdk\java25\bin\java.dll
0x00007ff91d230000 - 0x00007ff91d3c7000 	C:\WINDOWS\System32\ole32.dll
0x00007ff91c8c0000 - 0x00007ff91d00f000 	C:\WINDOWS\System32\SHELL32.dll
0x00007ff91bc20000 - 0x00007ff91bd8b000 	C:\WINDOWS\System32\wintypes.dll
0x00007ff918da0000 - 0x00007ff9195fd000 	C:\WINDOWS\SYSTEM32\windows.storage.dll
0x00007ff91dfe0000 - 0x00007ff91e0d2000 	C:\WINDOWS\System32\SHCORE.dll
0x00007ff91c3b0000 - 0x00007ff91c417000 	C:\WINDOWS\System32\shlwapi.dll
0x00007ff91b190000 - 0x00007ff91b1b9000 	C:\WINDOWS\SYSTEM32\profapi.dll
0x00007ff900c90000 - 0x00007ff900c9c000 	D:\ad_sdk\java25\bin\dt_socket.dll
0x00007ff9199e0000 - 0x00007ff919a14000 	C:\WINDOWS\SYSTEM32\IPHLPAPI.DLL
0x00007ff91a540000 - 0x00007ff91a5ab000 	C:\WINDOWS\system32\mswsock.dll
0x00007ff919a70000 - 0x00007ff919b9c000 	C:\WINDOWS\SYSTEM32\DNSAPI.dll
0x00007ff91c420000 - 0x00007ff91c42a000 	C:\WINDOWS\System32\NSI.dll
0x00007ff90afe0000 - 0x00007ff90afeb000 	C:\Windows\System32\rasadhlp.dll
0x00007ff90b370000 - 0x00007ff90b3f6000 	C:\WINDOWS\System32\fwpuclnt.dll
0x00007ff904e80000 - 0x00007ff904e92000 	D:\ad_sdk\java25\bin\net.dll
0x00007ff8facc0000 - 0x00007ff8facd6000 	D:\ad_sdk\java25\bin\nio.dll
0x00007ff8faca0000 - 0x00007ff8facb7000 	D:\ad_sdk\java25\bin\zip.dll
0x00007ff8f9120000 - 0x00007ff8f912e000 	D:\ad_sdk\java25\bin\sunmscapi.dll
0x00007ff91b5e0000 - 0x00007ff91b757000 	C:\WINDOWS\System32\CRYPT32.dll
0x00007ff91aa80000 - 0x00007ff91aab0000 	C:\WINDOWS\SYSTEM32\ncrypt.dll
0x00007ff91aa30000 - 0x00007ff91aa6f000 	C:\WINDOWS\SYSTEM32\NTASN1.dll
0x00007ff91a930000 - 0x00007ff91a94b000 	C:\WINDOWS\SYSTEM32\CRYPTSP.dll
0x00007ff919f50000 - 0x00007ff919f8a000 	C:\WINDOWS\system32\rsaenh.dll
0x00007ff91a5f0000 - 0x00007ff91a61b000 	C:\WINDOWS\SYSTEM32\USERENV.dll
0x00007ff91b160000 - 0x00007ff91b18a000 	C:\WINDOWS\SYSTEM32\bcrypt.dll
0x00007ff91a790000 - 0x00007ff91a79c000 	C:\WINDOWS\SYSTEM32\CRYPTBASE.dll
0x00007ff8fab50000 - 0x00007ff8fab5a000 	D:\ad_sdk\java25\bin\management.dll
0x00007ff8f9940000 - 0x00007ff8f994c000 	D:\ad_sdk\java25\bin\management_ext.dll
0x00007ff91d4f0000 - 0x00007ff91d4f8000 	C:\WINDOWS\System32\PSAPI.DLL
0x00007ff905400000 - 0x00007ff905409000 	D:\ad_sdk\java25\bin\extnet.dll
0x00007ff8cb210000 - 0x00007ff8cb218000 	C:\WINDOWS\system32\wshunix.dll

JVMTI agents:
jdwp path:D:\ad_sdk\java25\bin\jdwp.dll, loaded, initialized, options:transport=dt_socket,server=n,suspend=y,address=localhost:64756

dbghelp: loaded successfully - version: 4.0.5 - missing functions: none
symbol engine: initialized successfully - sym options: 0x614 - pdb path: .;D:\ad_sdk\java25\bin;C:\WINDOWS\SYSTEM32;C:\WINDOWS\WinSxS\amd64_microsoft.windows.common-controls_6595b64144ccf1df_6.0.26100.7019_none_3e06ffa0e335b8a8;D:\ad_sdk\java25\bin\server

VM Arguments:
jvm_args: -agentlib:jdwp=transport=dt_socket,server=n,suspend=y,address=localhost:64756 -XX:+ShowCodeDetailsInExceptionMessages 
java_command: com.leads.server.ServerApplication
java_class_path (initial): D:\my git\ithouse\leads\server\server\target\classes;C:\Users\Muktadeer\.m2\repository\org\springframework\boot\spring-boot-starter-data-jpa\4.0.0\spring-boot-starter-data-jpa-4.0.0.jar;C:\Users\Muktadeer\.m2\repository\org\springframework\boot\spring-boot-starter\4.0.0\spring-boot-starter-4.0.0.jar;C:\Users\Muktadeer\.m2\repository\org\springframework\boot\spring-boot-starter-logging\4.0.0\spring-boot-starter-logging-4.0.0.jar;C:\Users\Muktadeer\.m2\repository\ch\qos\logback\logback-classic\1.5.21\logback-classic-1.5.21.jar;C:\Users\Muktadeer\.m2\repository\ch\qos\logback\logback-core\1.5.21\logback-core-1.5.21.jar;C:\Users\Muktadeer\.m2\repository\org\apache\logging\log4j\log4j-to-slf4j\2.25.2\log4j-to-slf4j-2.25.2.jar;C:\Users\Muktadeer\.m2\repository\org\apache\logging\log4j\log4j-api\2.25.2\log4j-api-2.25.2.jar;C:\Users\Muktadeer\.m2\repository\org\slf4j\jul-to-slf4j\2.0.17\jul-to-slf4j-2.0.17.jar;C:\Users\Muktadeer\.m2\repository\org\springframework\boot\spring-boot-autoconfigure\4.0.0\spring-boot-autoconfigure-4.0.0.jar;C:\Users\Muktadeer\.m2\repository\jakarta\annotation\jakarta.annotation-api\3.0.0\jakarta.annotation-api-3.0.0.jar;C:\Users\Muktadeer\.m2\repository\org\yaml\snakeyaml\2.5\snakeyaml-2.5.jar;C:\Users\Muktadeer\.m2\repository\org\springframework\boot\spring-boot-starter-jdbc\4.0.0\spring-boot-starter-jdbc-4.0.0.jar;C:\Users\Muktadeer\.m2\repository\com\zaxxer\HikariCP\7.0.2\HikariCP-7.0.2.jar;C:\Users\Muktadeer\.m2\repository\org\slf4j\slf4j-api\2.0.17\slf4j-api-2.0.17.jar;C:\Users\Muktadeer\.m2\repository\org\springframework\boot\spring-boot-data-jpa\4.0.0\spring-boot-data-jpa-4.0.0.jar;C:\Users\Muktadeer\.m2\repository\org\springframework\boot\spring-boot-data-commons\4.0.0\spring-boot-data-commons-4.0.0.jar;C:\Users\Muktadeer\.m2\repository\org\springframework\boot\spring-boot-persistence\4.0.0\spring-boot-persistence-4.0.0.jar;C:\Users\Muktadeer\.m2\repository\org\springframework\data\spring-data-commons\4.0.0\spring-data-commons-4.0.0.jar;C:\Users\Muktadeer\.m2\repository\org\springframework\boot\spring-boot-hibernate\4.0.0\spring-boot-hibernate-4.0.0.jar;C:\Users\Muktadeer\.m2\repository\org\springframework\boot\spring-boot-jpa\4.0.0\spring-boot-jpa-4.0.0.jar;C:\Users\Muktadeer\.m2\repository\jakarta\persistence\jakarta.persistence-api\3.2.0\jakarta.persistence-api-3.2.0.jar;C:\Users\Muktadeer\.m2\repository\org\hibernate\orm\hibernate-core\7.1.8.Final\hibernate-core-7.1.8.Final.jar;C:\Users\Muktadeer\.m2\repository\jakarta\transaction\jakarta.transaction-api\2.0.1\jakarta.transaction-api-2.0.1.jar;C:\Users\Muktadeer\.m2\repository\org\jboss\logging\jboss-logging\3.6.1.Final\jboss-logging-3.6.1.Final.jar;C:\Users\Muktadeer\.m2\repository\org\hibernate\models\hibernate-models\1.0.1\hibernate-models-1.0.1.jar;C:\Users\Muktadeer\.m2\repository\com\fasterxml\classmate\1.7.1\classmate-1.7.1.jar;C:\Users\Muktadeer\.m2\repository\org\glassfish\jaxb\jaxb-runtime\4.0.6\jaxb-runtime-4.0.6.jar;C:\Users\Muktadeer\.m2\repository\org\glassfish\jaxb\jaxb-core\4.0.6\jaxb-core-4.0.6.jar;C:\Users\Muktadeer\.m2\repository\org\eclipse\angus\angus-activation\2.0.3\angus-activation-2.0.3.jar;C:\Users\Muktadeer\.m2\repository\org\glassfish\jaxb\txw2\4.0.6\txw2-4.0.6.jar;C:\Users\Muktadeer\.m2\repository\com\sun\istack\istack-commons-runtime\4.1.2\istack-commons-runtime-4.1.2.jar;C:\Users\Muktadeer\.m2\repository\jakarta\inject\jakarta.inject-api\2.0.1\jakarta.inject-api-2.0.1.jar;C:\Users\Muktadeer\.m2\repository\org\springframework\spring-orm\7.0.1\spring-orm-7.0.1.jar;C:\Users\Muktadeer\.m2\repository\org\springframework\data\spring-data-jpa\4.0.0\spring-data-jpa-4.0.0.jar;C:\Users\Muktadeer\.m2\repository\org\springframework\spring-context\7.0.1\spring-context-7.0.1.jar;C:\Users\Muktadeer\.m2\repository\org\springframework\spring-tx\7.0.1\spring-tx-7.0.1.jar;C:\Users\Muktadeer\.m2\repository\org\antlr\antlr4-runtime\4.13.2\antlr4-runtime-4.13.2.jar;C:\Users\Muktadeer\.m2\repository\org\springframework\spring-aspects\7.0.1\spring-aspects-7.0.1.jar;C:\Users\Muktadeer\.m2\repository\org\aspectj\aspectjweaver\1.9.25\aspectjweaver-1.9.25.jar;C:\Users\Muktadeer\.m2\repository\org\springframework\boot\spring-boot-jdbc\4.0.0\spring-boot-jdbc-4.0.0.jar;C:\Users\Muktadeer\.m2\repository\org\springframework\boot\spring-boot\4.0.0\spring-boot-4.0.0.jar;C:\Users\Muktadeer\.m2\repository\org\springframework\boot\spring-boot-sql\4.0.0\spring-boot-sql-4.0.0.jar;C:\Users\Muktadeer\.m2\repository\org\springframework\boot\spring-boot-transaction\4.0.0\spring-boot-transaction-4.0.0.jar;C:\Users\Muktadeer\.m2\repository\org\springframework\spring-jdbc\7.0.1\spring-jdbc-7.0.1.jar;C:\Users\Muktadeer\.m2\repository\org\springframework\boot\spring-boot-starter-security\4.0.0\spring-boot-starter-security-4.0.0.jar;C:\Users\Muktadeer\.m2\repository\org\springframework\boot\spring-boot-security\4.0.0\spring-boot-security-4.0.0.jar;C:\Users\Muktadeer\.m2\repository\org\springframework\security\spring-security-config\7.0.0\spring-security-config-7.0.0.jar;C:\Users\Muktadeer\.m2\repository\org\springframework\security\spring-security-core\7.0.0\spring-security-core-7.0.0.jar;C:\Users\Muktadeer\.m2\repository\org\springframework\security\spring-security-crypto\7.0.0\spring-security-crypto-7.0.0.jar;C:\Users\Muktadeer\.m2\repository\org\springframework\security\spring-security-web\7.0.0\spring-security-web-7.0.0.jar;C:\Users\Muktadeer\.m2\repository\org\springframework\spring-expression\7.0.1\spring-expression-7.0.1.jar;C:\Users\Muktadeer\.m2\repository\org\springframework\spring-aop\7.0.1\spring-aop-7.0.1.jar;C:\Users\Muktadeer\.m2\repository\org\springframework\spring-beans\7.0.1\spring-beans-7.0.1.jar;C:\Users\Muktadeer\.m2\repository\org\springframework\spring-core\7.0.1\spring-core-7.0.1.jar;C:\Users\Muktadeer\.m2\repository\commons-logging\commons-logging\1.3.5\commons-logging-1.3.5.jar;C:\Users\Muktadeer\.m2\repository\org\jspecify\jspecify\1.0.0\jspecify-1.0.0.jar;C:\Users\Muktadeer\.m2\repository\org\springframework\boot\spring-boot-starter-webmvc\4.0.0\spring-boot-starter-webmvc-4.0.0.jar;C:\Users\Muktadeer\.m2\repository\org\springframework\boot\spring-boot-starter-jackson\4.0.0\spring-boot-starter-jackson-4.0.0.jar;C:\Users\Muktadeer\.m2\repository\org\springframework\boot\spring-boot-jackson\4.0.0\spring-boot-jackson-4.0.0.jar;C:\Users\Muktadeer\.m2\repository\tools\jackson\core\jackson-databind\3.0.2\jackson-databind-3.0.2.jar;C:\Users\Muktadeer\.m2\repository\tools\jackson\core\jackson-core\3.0.2\jackson-core-3.0.2.jar;C:\Users\Muktadeer\.m2\repository\org\springframework\boot\spring-boot-http-converter\4.0.0\spring-boot-http-converter-4.0.0.jar;C:\Users\Muktadeer\.m2\repository\org\springframework\spring-web\7.0.1\spring-web-7.0.1.jar;C:\Users\Muktadeer\.m2\repository\io\micrometer\micrometer-observation\1.16.0\micrometer-observation-1.16.0.jar;C:\Users\Muktadeer\.m2\repository\io\micrometer\micrometer-commons\1.16.0\micrometer-commons-1.16.0.jar;C:\Users\Muktadeer\.m2\repository\org\springframework\boot\spring-boot-webmvc\4.0.0\spring-boot-webmvc-4.0.0.jar;C:\Users\Muktadeer\.m2\repository\org\springframework\boot\spring-boot-servlet\4.0.0\spring-boot-servlet-4.0.0.jar;C:\Users\Muktadeer\.m2\repository\org\springframework\spring-webmvc\7.0.1\spring-webmvc-7.0.1.jar;C:\Users\Muktadeer\.m2\repository\com\mysql\mysql-connector-j\9.5.0\mysql-connector-j-9.5.0.jar;C:\Users\Muktadeer\.m2\repository\org\springframework\boot\spring-boot-starter-tomcat\4.0.0\spring-boot-starter-tomcat-4.0.0.jar;C:\Users\Muktadeer\.m2\repository\org\springframework\boot\spring-boot-starter-tomcat-runtime\4.0.0\spring-boot-starter-tomcat-runtime-4.0.0.jar;C:\Users\Muktadeer\.m2\repository\org\springframework\boot\spring-boot-web-server\4.0.0\spring-boot-web-server-4.0.0.jar;C:\Users\Muktadeer\.m2\repository\org\apache\tomcat\embed\tomcat-embed-core\11.0.14\tomcat-embed-core-11.0.14.jar;C:\Users\Muktadeer\.m2\repository\org\apache\tomcat\embed\tomcat-embed-el\11.0.14\tomcat-embed-el-11.0.14.jar;C:\Users\Muktadeer\.m2\repository\org\apache\tomcat\embed\tomcat-embed-websocket\11.0.14\tomcat-embed-websocket-11.0.14.jar;C:\Users\Muktadeer\.m2\repository\org\springframework\boot\spring-boot-tomcat\4.0.0\spring-boot-tomcat-4.0.0.jar;C:\Users\Muktadeer\.m2\repository\jakarta\xml\bind\jakarta.xml.bind-api\4.0.4\jakarta.xml.bind-api-4.0.4.jar;C:\Users\Muktadeer\.m2\repository\jakarta\activation\jakarta.activation-api\2.1.4\jakarta.activation-api-2.1.4.jar;C:\Users\Muktadeer\.m2\repository\net\bytebuddy\byte-buddy\1.17.8\byte-buddy-1.17.8.jar;C:\Users\Muktadeer\.m2\repository\io\jsonwebtoken\jjwt-api\0.13.0\jjwt-api-0.13.0.jar;C:\Users\Muktadeer\.m2\repository\io\jsonwebtoken\jjwt-impl\0.13.0\jjwt-impl-0.13.0.jar;C:\Users\Muktadeer\.m2\repository\io\jsonwebtoken\jjwt-jackson\0.13.0\jjwt-jackson-0.13.0.jar;C:\Users\Muktadeer\.m2\repository\com\fasterxml\jackson\core\jackson-databind\2.20.1\jackson-databind-2.20.1.jar;C:\Users\Muktadeer\.m2\repository\com\fasterxml\jackson\core\jackson-annotations\2.20\jackson-annotations-2.20.jar;C:\Users\Muktadeer\.m2\repository\com\fasterxml\jackson\core\jackson-core\2.20.1\jackson-core-2.20.1.jar
Launcher Type: SUN_STANDARD

[Global flags]
     intx CICompilerCount                          = 3                                         {product} {ergonomic}
     uint ConcGCThreads                            = 1                                         {product} {ergonomic}
     uint G1ConcRefinementThreads                  = 4                                         {product} {ergonomic}
   size_t G1HeapRegionSize                         = 2097152                                   {product} {ergonomic}
   size_t InitialHeapSize                          = 268435456                                 {product} {ergonomic}
   size_t MarkStackSize                            = 4194304                                   {product} {ergonomic}
   size_t MarkStackSizeMax                         = 536870912                                 {product} {ergonomic}
   size_t MaxHeapSize                              = 4265607168                                {product} {ergonomic}
   size_t MaxNewSize                               = 2558525440                                {product} {ergonomic}
   size_t MinHeapDeltaBytes                        = 2097152                                   {product} {ergonomic}
   size_t MinHeapSize                              = 8388608                                   {product} {ergonomic}
    uintx NonNMethodCodeHeapSize                   = 5832704                                {pd product} {ergonomic}
    uintx NonProfiledCodeHeapSize                  = 122945536                              {pd product} {ergonomic}
    uintx ProfiledCodeHeapSize                     = 122880000                              {pd product} {ergonomic}
    uintx ReservedCodeCacheSize                    = 251658240                              {pd product} {ergonomic}
     bool SegmentedCodeCache                       = true                                      {product} {ergonomic}
     bool ShowCodeDetailsInExceptionMessages       = true                                   {manageable} {command line}
   size_t SoftMaxHeapSize                          = 4265607168                             {manageable} {ergonomic}
     bool UseCompressedOops                        = true                           {product lp64_product} {ergonomic}
     bool UseG1GC                                  = true                                      {product} {ergonomic}
     bool UseLargePagesIndividualAllocation        = false                                  {pd product} {ergonomic}

Logging:
Log output configuration:
 #0: stdout all=warning uptime,level,tags foldmultilines=false
 #1: stderr all=off uptime,level,tags foldmultilines=false

Release file:
IMPLEMENTOR="Oracle Corporation" 
JAVA_RUNTIME_VERSION="25+36-3489" 
JAVA_VERSION="25" 
JAVA_VERSION_DATE="2025-09-16" 
LIBC="default" 
MODULES="java.base java.compiler java.datatransfer java.xml java.prefs java.desktop java.instrument java.logging java.management java.security.sasl java.naming java.rmi java.management.rmi java.net.http java.scripting java.security.jgss java.transaction.xa java.sql java.sql.rowset java.xml.crypto java.se java.smartcardio jdk.accessibility jdk.internal.jvmstat jdk.attach jdk.charsets jdk.internal.opt jdk.zipfs jdk.compiler jdk.crypto.cryptoki jdk.crypto.ec jdk.crypto.mscapi jdk.dynalink jdk.internal.ed jdk.editpad jdk.internal.vm.ci jdk.graal.compiler jdk.graal.compiler.management jdk.hotspot.agent jdk.httpserver jdk.incubator.vector jdk.internal.le jdk.internal.md jdk.jartool jdk.javadoc jdk.jcmd jdk.management jdk.management.agent jdk.jconsole jdk.jdeps jdk.jdwp.agent jdk.jdi jdk.jfr jdk.jlink jdk.jpackage jdk.jshell jdk.jsobject jdk.jstatd jdk.localedata jdk.management.jfr jdk.naming.dns jdk.naming.rmi jdk.net jdk.nio.mapmode jdk.sctp jdk.security.auth jdk.security.jgss jdk.unsupported jdk.unsupported.desktop jdk.xml.dom" 
OS_ARCH="x86_64" 
OS_NAME="Windows" 
SOURCE=".:git:6c48f4ed707b" 

Environment Variables:
JAVA_HOME=D:\ad_sdk\java25
PATH=C:\Program Files\PowerShell\7;D:\Programs\curl-8.15.0_4-win64-mingw\bin;C:\WINDOWS\system32;C:\WINDOWS;C:\WINDOWS\System32\Wbem;C:\WINDOWS\System32\WindowsPowerShell\v1.0\;C:\WINDOWS\System32\OpenSSH\;D:\vsCode\VSCode-win32-x64-1.82.1\bin;D:\ad_sdk\java25\bin;C:\Program Files\Git\cmd;C:\Users\Muktadeer\AppData\Local\nvm;C:\nvm4w\nodejs;D:\ad_sdk\apache-maven-3.9.9\bin;C:\Program Files (x86)\Microsoft SQL Server\150\DTS\Binn\;C:\Program Files\Azure Data Studio\bin;D:\Programs\Toad\instantclient_23_8;C:\Program Files (x86)\Microsoft SQL Server\160\Tools\Binn\;C:\Program Files\Microsoft SQL Server\160\Tools\Binn\;C:\Program Files\Microsoft SQL Server\Client SDK\ODBC\170\Tools\Binn\;C:\Program Files\Microsoft SQL Server\160\DTS\Binn\;D:\idea\IntelliJ IDEA 2024.1\bin;D:\ad_sdk\flutter\bin;D:\ad_sdk\dart-sdk\bin;D:\ad_sdk\android\emulator;D:\ad_sdk\android\platform-tools;D:\ad_sdk\android\sdk\cmdline-tools\latest\bin;C:\Program Files\starship\bin\;C:\Program Files\dotnet\;C:\Program Files\PowerShell\7\;D:\Programs\python\Scripts\;D:\Programs\python\;C:\Users\Muktadeer\AppData\Local\Programs\Python\Launcher\;C:\Users\Muktadeer\AppData\Local\Microsoft\WindowsApps;C:\Users\Muktadeer\AppData\Local\nvm;C:\nvm4w\nodejs;C:\Program Files\Azure Data Studio\bin;D:\All Software\inteleji\IntelliJ IDEA 2025.1.2\bin;;D:\vsCode\Antigravity\bin;c:\Users\Muktadeer\.antigravity\extensions\vscjava.vscode-java-debug-0.58.3-universal\bundled\scripts\noConfigScripts
USERNAME=Muktadeer
LANG=en_US.UTF-8
OS=Windows_NT
PROCESSOR_IDENTIFIER=Intel64 Family 6 Model 142 Stepping 9, GenuineIntel
TMP=C:\Users\MUKTAD~1\AppData\Local\Temp
TEMP=C:\Users\MUKTAD~1\AppData\Local\Temp




Compilation memory statistics disabled.

Periodic native trim disabled

---------------  S Y S T E M  ---------------

OS:
 Windows 11 , 64 bit Build 26100 (10.0.26100.7019)
OS uptime: 18 days 20:13 hours
Hyper-V role detected

CPU: total 4 (initial active 4) (2 cores per cpu, 2 threads per core) family 6 model 142 stepping 9 microcode 0xf6, cx8, cmov, fxsr, ht, mmx, 3dnowpref, sse, sse2, sse3, ssse3, sse4.1, sse4.2, popcnt, lzcnt, tsc, tscinvbit, avx, avx2, aes, erms, clmul, bmi1, bmi2, rtm, adx, fma, vzeroupper, clflush, clflushopt, hv, rdtscp, f16c
Processor Information for the first 4 processors :
  Max Mhz: 2712, Current Mhz: 2611, Mhz Limit: 2603

Memory: 4k page, system-wide physical 16264M (1456M free)
TotalPageFile size 29132M (AvailPageFile size 17M)
current process WorkingSet (physical memory assigned to process): 116M, peak: 329M
current process commit charge ("private bytes"): 324M, peak: 420M

vm_info: OpenJDK 64-Bit Server VM (25+36-3489) for windows-amd64 JRE (25+36-3489), built on 2025-08-12T17:19:28Z with unknown MS VC++:1943

END.
